<?xml version="1.0" encoding="UTF-8"?>
<!-- Generated by org.testng.reporters.JUnitReportReporter -->
<testsuite hostname="DESKTOP-SOILR5V" name="testcase.LoginTest" tests="1" failures="1" timestamp="11 Nov 2019 18:08:23 GMT" time="5.050" errors="0">
  <testcase name="login" time="5.050" classname="testcase.LoginTest">
    <failure type="org.openqa.selenium.SessionNotCreatedException" message="session not created: This version of ChromeDriver only supports Chrome version 76
Build info: version: &#039;3.141.59&#039;, revision: &#039;e82be7d358&#039;, time: &#039;2018-11-14T08:25:53&#039;
System info: host: &#039;DESKTOP-SOILR5V&#039;, ip: &#039;192.168.43.90&#039;, os.name: &#039;Windows 8.1&#039;, os.arch: &#039;amd64&#039;, os.version: &#039;6.3&#039;, java.version: &#039;1.8.0_31&#039;
Driver info: driver.version: ChromeDriver
remote stacktrace: Backtrace:
	Ordinal0 [0x01027C53+1473619]
	Ordinal0 [0x00FAAD71+961905]
	Ordinal0 [0x00F342B3+475827]
	Ordinal0 [0x00ECF365+62309]
	Ordinal0 [0x00ECBC77+48247]
	Ordinal0 [0x00EE9149+168265]
	Ordinal0 [0x00EE8D1D+167197]
	Ordinal0 [0x00EE742B+160811]
	Ordinal0 [0x00ED0AE6+68326]
	Ordinal0 [0x00ED1BF0+72688]
	Ordinal0 [0x00ED1B89+72585]
	Ordinal0 [0x00FC4B37+1067831]
	GetHandleVerifier [0x010C6845+506677]
	GetHandleVerifier [0x010C65E0+506064]
	GetHandleVerifier [0x010CD188+533624]
	GetHandleVerifier [0x010C701A+508682]
	Ordinal0 [0x00FBC226+1032742]
	Ordinal0 [0x00FBC09F+1032351]
	Ordinal0 [0x00FC6A4B+1075787]
	Ordinal0 [0x00FC6BB3+1076147]
	Ordinal0 [0x00FC5B65+1071973]
	BaseThreadInitThunk [0x74D40419+25]
	RtlGetAppContainerNamedObjectPath [0x76ED662D+237]
	RtlGetAppContainerNamedObjectPath [0x76ED65FD+189]
">
      <![CDATA[org.openqa.selenium.SessionNotCreatedException: session not created: This version of ChromeDriver only supports Chrome version 76
Build info: version: '3.141.59', revision: 'e82be7d358', time: '2018-11-14T08:25:53'
System info: host: 'DESKTOP-SOILR5V', ip: '192.168.43.90', os.name: 'Windows 8.1', os.arch: 'amd64', os.version: '6.3', java.version: '1.8.0_31'
Driver info: driver.version: ChromeDriver
remote stacktrace: Backtrace:
	Ordinal0 [0x01027C53+1473619]
	Ordinal0 [0x00FAAD71+961905]
	Ordinal0 [0x00F342B3+475827]
	Ordinal0 [0x00ECF365+62309]
	Ordinal0 [0x00ECBC77+48247]
	Ordinal0 [0x00EE9149+168265]
	Ordinal0 [0x00EE8D1D+167197]
	Ordinal0 [0x00EE742B+160811]
	Ordinal0 [0x00ED0AE6+68326]
	Ordinal0 [0x00ED1BF0+72688]
	Ordinal0 [0x00ED1B89+72585]
	Ordinal0 [0x00FC4B37+1067831]
	GetHandleVerifier [0x010C6845+506677]
	GetHandleVerifier [0x010C65E0+506064]
	GetHandleVerifier [0x010CD188+533624]
	GetHandleVerifier [0x010C701A+508682]
	Ordinal0 [0x00FBC226+1032742]
	Ordinal0 [0x00FBC09F+1032351]
	Ordinal0 [0x00FC6A4B+1075787]
	Ordinal0 [0x00FC6BB3+1076147]
	Ordinal0 [0x00FC5B65+1071973]
	BaseThreadInitThunk [0x74D40419+25]
	RtlGetAppContainerNamedObjectPath [0x76ED662D+237]
	RtlGetAppContainerNamedObjectPath [0x76ED65FD+189]

	at sun.reflect.NativeConstructorAccessorImpl.newInstance0(Native Method)
	at sun.reflect.NativeConstructorAccessorImpl.newInstance(Unknown Source)
	at sun.reflect.DelegatingConstructorAccessorImpl.newInstance(Unknown Source)
	at java.lang.reflect.Constructor.newInstance(Unknown Source)
	at org.openqa.selenium.remote.W3CHandshakeResponse.lambda$errorHandler$0(W3CHandshakeResponse.java:62)
	at org.openqa.selenium.remote.W3CHandshakeResponse$$Lambda$199/1523457748.apply(Unknown Source)
	at org.openqa.selenium.remote.HandshakeResponse.lambda$getResponseFunction$0(HandshakeResponse.java:30)
	at org.openqa.selenium.remote.HandshakeResponse$$Lambda$194/1107217291.apply(Unknown Source)
	at org.openqa.selenium.remote.ProtocolHandshake.lambda$createSession$0(ProtocolHandshake.java:126)
	at org.openqa.selenium.remote.ProtocolHandshake$$Lambda$195/1716093734.apply(Unknown Source)
	at java.util.stream.ReferencePipeline$3$1.accept(Unknown Source)
	at java.util.Spliterators$ArraySpliterator.tryAdvance(Unknown Source)
	at java.util.stream.ReferencePipeline.forEachWithCancel(Unknown Source)
	at java.util.stream.AbstractPipeline.copyIntoWithCancel(Unknown Source)
	at java.util.stream.AbstractPipeline.copyInto(Unknown Source)
	at java.util.stream.AbstractPipeline.wrapAndCopyInto(Unknown Source)
	at java.util.stream.FindOps$FindOp.evaluateSequential(Unknown Source)
	at java.util.stream.AbstractPipeline.evaluate(Unknown Source)
	at java.util.stream.ReferencePipeline.findFirst(Unknown Source)
	at org.openqa.selenium.remote.ProtocolHandshake.createSession(ProtocolHandshake.java:128)
	at org.openqa.selenium.remote.ProtocolHandshake.createSession(ProtocolHandshake.java:74)
	at org.openqa.selenium.remote.HttpCommandExecutor.execute(HttpCommandExecutor.java:136)
	at org.openqa.selenium.remote.service.DriverCommandExecutor.execute(DriverCommandExecutor.java:83)
	at org.openqa.selenium.remote.RemoteWebDriver.execute(RemoteWebDriver.java:552)
	at org.openqa.selenium.remote.RemoteWebDriver.startSession(RemoteWebDriver.java:213)
	at org.openqa.selenium.remote.RemoteWebDriver.<init>(RemoteWebDriver.java:131)
	at org.openqa.selenium.chrome.ChromeDriver.<init>(ChromeDriver.java:181)
	at org.openqa.selenium.chrome.ChromeDriver.<init>(ChromeDriver.java:168)
	at org.openqa.selenium.chrome.ChromeDriver.<init>(ChromeDriver.java:123)
	at testcase.LoginTest.login(LoginTest.java:15)
	at sun.reflect.NativeMethodAccessorImpl.invoke0(Native Method)
	at sun.reflect.NativeMethodAccessorImpl.invoke(Unknown Source)
	at sun.reflect.DelegatingMethodAccessorImpl.invoke(Unknown Source)
	at java.lang.reflect.Method.invoke(Unknown Source)
	at org.testng.internal.MethodInvocationHelper.invokeMethod(MethodInvocationHelper.java:84)
	at org.testng.internal.Invoker.invokeMethod(Invoker.java:714)
	at org.testng.internal.Invoker.invokeTestMethod(Invoker.java:901)
	at org.testng.internal.Invoker.invokeTestMethods(Invoker.java:1231)
	at org.testng.internal.TestMethodWorker.invokeTestMethods(TestMethodWorker.java:127)
	at org.testng.internal.TestMethodWorker.run(TestMethodWorker.java:111)
	at org.testng.TestRunner.privateRun(TestRunner.java:767)
	at org.testng.TestRunner.run(TestRunner.java:617)
	at org.testng.SuiteRunner.runTest(SuiteRunner.java:334)
	at org.testng.SuiteRunner.runSequentially(SuiteRunner.java:329)
	at org.testng.SuiteRunner.privateRun(SuiteRunner.java:291)
	at org.testng.SuiteRunner.run(SuiteRunner.java:240)
	at org.testng.SuiteRunnerWorker.runSuite(SuiteRunnerWorker.java:52)
	at org.testng.SuiteRunnerWorker.run(SuiteRunnerWorker.java:86)
	at org.testng.TestNG.runSuitesSequentially(TestNG.java:1224)
	at org.testng.TestNG.runSuitesLocally(TestNG.java:1149)
	at org.testng.TestNG.run(TestNG.java:1057)
	at org.testng.remote.AbstractRemoteTestNG.run(AbstractRemoteTestNG.java:126)
	at org.testng.remote.RemoteTestNG.initAndRun(RemoteTestNG.java:152)
	at org.testng.remote.RemoteTestNG.main(RemoteTestNG.java:57)
]]>
    </failure>
  </testcase> <!-- login -->
</testsuite> <!-- testcase.LoginTest -->
